#
# A fatal error has been detected by the Java Runtime Environment:
#
#  EXCEPTION_ACCESS_VIOLATION (0xc0000005) at pc=0x00007ffe825b26c4, pid=3372, tid=20452
#
# JRE version: OpenJDK Runtime Environment (24.0+36) (build 24+36-3646)
# Java VM: OpenJDK 64-Bit Server VM (24+36-3646, mixed mode, sharing, tiered, compressed oops, compressed class ptrs, g1 gc, windows-amd64)
# Problematic frame:
# C  [libasyncProfiler.dll+0x926c4]
#
# No core dump will be written. Minidumps are not enabled by default on client versions of Windows
#
# JFR recording file will be written. Location: C:\Users\Adrian\IdeaProjects\Demo\hs_err_pid3372.jfr
#
# If you would like to submit a bug report, please visit:
#   https://bugreport.java.com/bugreport/crash.jsp
# The crash happened outside the Java Virtual Machine in native code.
# See problematic frame for where to report the bug.
#

---------------  S U M M A R Y ------------

Command Line: -javaagent:C:\Program Files\JetBrains\IntelliJ IDEA 2025.1.1.1\lib\idea_rt.jar=49774 -Dfile.encoding=UTF-8 -Dsun.stdout.encoding=UTF-8 -Dsun.stderr.encoding=UTF-8 MainBooks

Host: AMD Ryzen 7 5800H with Radeon Graphics         , 16 cores, 15G,  Windows 11 , 64 bit Build 22621 (10.0.22621.5124)
Time: Wed May 14 22:01:26 2025 Taipei Standard Time elapsed time: 3.852711 seconds (0d 0h 0m 3s)

---------------  T H R E A D  ---------------

Current thread (0x0000016df114d8b0):  JavaThread "Attach Listener" daemon [_thread_in_native, id=20452, stack(0x00000026c5200000,0x00000026c5300000) (1024K)]

Stack: [0x00000026c5200000,0x00000026c5300000],  sp=0x00000026c52fec30,  free space=1019k
Native frames: (J=compiled Java code, j=interpreted, Vv=VM code, C=native code)
C  [libasyncProfiler.dll+0x926c4]  (no source info available)
C  [libasyncProfiler.dll+0x92b9b]  (no source info available)
C  [libasyncProfiler.dll+0x917f4]  (no source info available)
C  [libasyncProfiler.dll+0x9206a]  (no source info available)
C  [libasyncProfiler.dll+0x8cc21]  (no source info available)
C  [libasyncProfiler.dll+0x7e5e1]  (no source info available)
C  [libasyncProfiler.dll+0x7d2f8]  (no source info available)
C  [libasyncProfiler.dll+0x7d1e0]  (no source info available)
C  [libasyncProfiler.dll+0x841b9]  (no source info available)
V  [jvm.dll+0x57f1b7]  (no source info available)
V  [jvm.dll+0x57ff2c]  (no source info available)
V  [jvm.dll+0x14c9b7]  (no source info available)
V  [jvm.dll+0x14df81]  (no source info available)
V  [jvm.dll+0x42f566]  (no source info available)
V  [jvm.dll+0x87d8fb]  (no source info available)
V  [jvm.dll+0x72efe5]  (no source info available)
C  [ucrtbase.dll+0x29333]  (no source info available)
C  [KERNEL32.DLL+0x1259d]  (no source info available)
C  [ntdll.dll+0x5af38]  (no source info available)


siginfo: EXCEPTION_ACCESS_VIOLATION (0xc0000005), reading address 0xffffffffffffffff


Registers:
RAX=0x0000000000000010, RBX=0x0000000000000000, RCX=0xffffffffffffffff, RDX=0x007ffe79bb2ff010
RSP=0x00000026c52fec30, RBP=0x0000016dc5a55c68, RSI=0x00000026c52feda0, RDI=0x0000016dc5a55c68
R8 =0x0000000000000042, R9 =0x0000000719201ee8, R10=0x00007ffe79e29fc0, R11=0x0000000000000002
R12=0x00000026c52feda0, R13=0x0000016dc592d020, R14=0x0000016df114dc78, R15=0x0000016df114dc78
RIP=0x00007ffe825b26c4, EFLAGS=0x0000000000010202

XMM[0]=0x0000000000000000 0x0000000000000000
XMM[1]=0x0000000000000000 0x0000000000000000
XMM[2]=0x0000000000000000 0x0000000000000000
XMM[3]=0x0000000000000000 0x0000000000000000
XMM[4]=0x0000000000000000 0x0000000000000000
XMM[5]=0x0000000000000000 0x0000000000000000
XMM[6]=0x0000000000000000 0x0000000000000000
XMM[7]=0x0000000000000000 0x0000000000000000
XMM[8]=0x0000000000000000 0x0000000000000000
XMM[9]=0x0000000000000000 0x0000000000000000
XMM[10]=0x0000000000000000 0x0000000000000000
XMM[11]=0x0000000000000000 0x0000000000000000
XMM[12]=0x0000000000000000 0x0000000000000000
XMM[13]=0x0000000000000000 0x0000000000000000
XMM[14]=0x0000000000000000 0x0000000000000000
XMM[15]=0x0000000000000000 0x0000000000000000
  MXCSR=0x00001fa0


Register to memory mapping:

RAX=0x0000000000000010 is an unknown value
RBX=0x0 is null
RCX=0xffffffffffffffff is an unknown value
RDX=0x007ffe79bb2ff010 is an unknown value
RSP=0x00000026c52fec30 is pointing into the stack for thread: 0x0000016df114d8b0
RBP=0x0000016dc5a55c68 points into unknown readable memory: 0x0000000719201ee8 | e8 1e 20 19 07 00 00 00
RSI=0x00000026c52feda0 is pointing into the stack for thread: 0x0000016df114d8b0
RDI=0x0000016dc5a55c68 points into unknown readable memory: 0x0000000719201ee8 | e8 1e 20 19 07 00 00 00
R8 =0x0000000000000042 is an unknown value
R9 =0x0000000719201ee8 is an oop: java.lang.Thread 
{0x0000000719201ee8} - klass: 'java/lang/Thread' - flags: 

 - ---- fields (total size 14 words):
 - 'threadLocalRandomProbe' 'I' @12  0 (0x00000000)
 - private volatile 'eetop' 'J' @16  1571143624640 (0x0000016dcf7527c0)
 - private final 'tid' 'J' @24  3 (0x0000000000000003)
 - 'threadLocalRandomSeed' 'J' @32  0 (0x0000000000000000)
 - injected 'jvmti_thread_state' 'J' @40  1570977389984 (0x0000016dc58c9da0)
 - 'threadLocalRandomSecondarySeed' 'I' @48  0 (0x00000000)
 - injected 'jvmti_VTMS_transition_disable_count' 'I' @52  0 (0x00000000)
 - injected 'jfr_epoch' 'S' @56  0 (0x0000)
 - volatile 'interrupted' 'Z' @58  false (0x00)
 - injected 'jvmti_is_in_VTMS_transition' 'Z' @59  false (0x00)
 - private volatile 'name' 'Ljava/lang/String;' @60  "main"{0x0000000719201f58} (0xe32403eb)
 - private volatile 'contextClassLoader' 'Ljava/lang/ClassLoader;' @64  a 'jdk/internal/loader/ClassLoaders$AppClassLoader'{0x0000000719216380} (0xe3242c70)
 - private final 'holder' 'Ljava/lang/Thread$FieldHolder;' @68  a 'java/lang/Thread$FieldHolder'{0x0000000719201f98} (0xe32403f3)
 - 'threadLocals' 'Ljava/lang/ThreadLocal$ThreadLocalMap;' @72  a 'java/lang/ThreadLocal$ThreadLocalMap'{0x00000007191338b8} (0xe3226717)
 - 'inheritableThreadLocals' 'Ljava/lang/ThreadLocal$ThreadLocalMap;' @76  null (0x00000000)
 - private 'scopedValueBindings' 'Ljava/lang/Object;' @80  a 'java/lang/Class'{0x00000007ffe7c280} = 'java/lang/Thread' (0xfffcf850)
 - final 'interruptLock' 'Ljava/lang/Object;' @84  a 'java/lang/Object'{0x0000000719201f88} (0xe32403f1)
 - private volatile 'parkBlocker' 'Ljava/lang/Object;' @88  null (0x00000000)
 - private 'nioBlocker' 'Lsun/nio/ch/Interruptible;' @92  null (0x00000000)
 - private 'cont' 'Ljdk/internal/vm/Continuation;' @96  null (0x00000000)
 - private volatile 'uncaughtExceptionHandler' 'Ljava/lang/Thread$UncaughtExceptionHandler;' @100  null (0x00000000)
 - private 'container' 'Ljdk/internal/vm/ThreadContainer;' @104  null (0x00000000)
 - private volatile 'headStackableScopes' 'Ljdk/internal/vm/StackableScope;' @108  null (0x00000000)
R10=0x00007ffe79e29fc0 jvm.dll
R11=0x0000000000000002 is an unknown value
R12=0x00000026c52feda0 is pointing into the stack for thread: 0x0000016df114d8b0
R13=0x0000016dc592d020 points into unknown readable memory: 0x00007ffe79d9a510 | 10 a5 d9 79 fe 7f 00 00
R14=0x0000016df114dc78 points into unknown readable memory: 0x00007ffe79d917b0 | b0 17 d9 79 fe 7f 00 00
R15=0x0000016df114dc78 points into unknown readable memory: 0x00007ffe79d917b0 | b0 17 d9 79 fe 7f 00 00

Top of Stack: (sp=0x00000026c52fec30)
0x00000026c52fec30:   00000026c52feda0 0000016dc5a55c68   ../.&...h\..m...
0x00000026c52fec40:   0000000000000000 0000016df11517a0   ............m...
0x00000026c52fec50:   0000000000000022 00007ffe825b2b9b   "........+[.....
0x00000026c52fec60:   0000000000000000 0000016df114dc78   ........x...m...
0x00000026c52fec70:   00000026c52fed01 0000000000000000   ../.&...........
0x00000026c52fec80:   0000016dc6453e60 00007ffe825b17f4   `>E.m.....[.....
0x00000026c52fec90:   0000000000000000 0000000000000022   ........".......
0x00000026c52feca0:   0000000000000000 0000000000000022   ........".......
0x00000026c52fecb0:   0000000ec8d56040 0000016dc64656e0   @`.......VF.m...
0x00000026c52fecc0:   0000016dc6453e60 0000016dc6453ee8   `>E.m....>E.m...
0x00000026c52fecd0:   0000016dc6453f08 0000000000005fa4   .?E.m...._......
0x00000026c52fece0:   0000000000000000 0000000000000000   ................
0x00000026c52fecf0:   0000000000000000 00007ffe795f58e4   .........X_y....
0x00000026c52fed00:   00007ffe826f4ca0 0000000000000d2c   .Lo.....,.......
0x00000026c52fed10:   00007ffe826f4ca0 00000000ffffffff   .Lo.............
0x00000026c52fed20:   0000000000000000 00007ffe825b206a   ........j [.....
0x00000026c52fed30:   0000016df114dc78 0000000000000000   x...m...........
0x00000026c52fed40:   00000026c52feda9 0000016dc592d020   ../.&... ...m...
0x00000026c52fed50:   0000000000000003 0000000000000048   ........H.......
0x00000026c52fed60:   0000000800800310 0000000000000020   ........ .......
0x00000026c52fed70:   0000016df114dc78 00007ffe826f4ca0   x...m....Lo.....
0x00000026c52fed80:   0000016dd1a9ec60 0000016dc58c9da0   `...m.......m...
0x00000026c52fed90:   0000000800800390 0000016df114dc78   ........x...m...
0x00000026c52feda0:   0000016dc64595d0 0000016dc6459a10   ..E.m.....E.m...
0x00000026c52fedb0:   0000016dc6459a10 00007ffe826f4ca0   ..E.m....Lo.....
0x00000026c52fedc0:   0000016dc63f8270 0000016dcf720000   p.?.m.....r.m...
0x00000026c52fedd0:   00000026c52ff070 0000000000008840   p./.&...@.......
0x00000026c52fede0:   00000026c52ff250 00007ffe826f4cf0   P./.&....Lo.....
0x00000026c52fedf0:   0000000000989680 0000000000989680   ................
0x00000026c52fee00:   00000026c52fef10 00007ffe825acc21   ../.&...!.Z.....
0x00000026c52fee10:   00007ffe826f4ca0 00007ffe826f4cf8   .Lo......Lo.....
0x00000026c52fee20:   00007ffe00000000 00007ffe00000001   ................

Instructions: (pc=0x00007ffe825b26c4)
  0x00007ffe825b25c4:   cc cc cc cc cc cc cc cc cc cc cc cc cc cc cc cc
  0x00007ffe825b25d4:   cc cc cc cc cc cc cc cc cc cc cc cc cc cc cc cc
  0x00007ffe825b25e4:   cc cc cc cc cc cc cc cc cc cc cc cc cc cc cc cc
  0x00007ffe825b25f4:   cc cc cc cc cc cc cc cc cc cc cc cc cc cc cc cc
  0x00007ffe825b2604:   cc cc cc cc cc cc cc cc cc cc cc cc cc cc cc cc
  0x00007ffe825b2614:   cc cc cc cc cc cc cc cc cc cc cc cc cc cc cc cc
  0x00007ffe825b2624:   cc cc cc cc cc cc cc cc cc cc cc cc cc cc cc cc
  0x00007ffe825b2634:   cc cc cc cc cc cc cc cc cc cc cc cc cc cc cc cc
  0x00007ffe825b2644:   cc cc cc cc cc cc cc cc cc cc cc cc 40 57 48 83
  0x00007ffe825b2654:   ec 20 48 8b f9 48 8b 0d 10 28 14 00 48 85 c9 74
  0x00007ffe825b2664:   20 48 8b 01 48 8d 54 24 38 41 b8 06 00 01 00 4c
  0x00007ffe825b2674:   8b 48 30 41 ff d1 85 c0 75 07 48 8b 4c 24 38 eb
  0x00007ffe825b2684:   02 33 c9 4c 8b 05 ea 28 14 00 48 89 5c 24 30 4d
  0x00007ffe825b2694:   85 c0 74 4a 48 8b 01 48 8b d7 4c 8b 88 28 03 00
  0x00007ffe825b26a4:   00 41 ff d1 48 85 c0 74 35 48 63 0d f8 e6 13 00
  0x00007ffe825b26b4:   48 8b 14 01 48 85 d2 74 15 48 63 05 fc e6 13 00
=>0x00007ffe825b26c4:   8b 04 10 48 8b 5c 24 30 48 83 c4 20 5f c3 b8 ff
  0x00007ffe825b26d4:   ff ff ff 48 8b 5c 24 30 48 83 c4 20 5f c3 80 3d
  0x00007ffe825b26e4:   9b 27 14 00 00 bb ff ff ff ff 74 20 4c 8b 0d 31
  0x00007ffe825b26f4:   24 14 00 4c 8d 44 24 38 48 8b 0d 15 24 14 00 48
  0x00007ffe825b2704:   8b d7 41 ff d1 85 c0 0f 44 5c 24 38 8b c3 48 8b
  0x00007ffe825b2714:   5c 24 30 48 83 c4 20 5f c3 cc cc cc cc cc cc cc
  0x00007ffe825b2724:   cc cc cc cc cc cc cc cc cc cc cc cc cc cc cc cc
  0x00007ffe825b2734:   cc cc cc cc cc cc cc cc cc cc cc cc cc cc cc cc
  0x00007ffe825b2744:   cc cc cc cc cc cc cc cc cc cc cc cc 48 89 54 24
  0x00007ffe825b2754:   10 53 55 56 57 41 56 41 57 48 83 ec 28 48 8b f2
  0x00007ffe825b2764:   4c 8b f1 48 89 4c 24 78 45 33 ff 44 89 7c 24 68
  0x00007ffe825b2774:   c7 44 24 60 01 00 00 00 48 8d 4c 24 68 e8 ed 42
  0x00007ffe825b2784:   f7 ff 8b d8 48 8d 4c 24 60 e8 e1 42 f7 ff 8b e8
  0x00007ffe825b2794:   49 8b ce e8 00 fc f6 ff 48 8b f8 90 8b c3 f0 0f
  0x00007ffe825b27a4:   b1 2f 74 04 f3 90 eb f4 4c 89 3e 4c 89 7e 08 4c
  0x00007ffe825b27b4:   89 7e 10 49 8b 6e 08 4d 8b 76 10 49 3b ee 0f 84


Stack slot to memory mapping:

stack at sp + 0 slots: 0x00000026c52feda0 is pointing into the stack for thread: 0x0000016df114d8b0
stack at sp + 1 slots: 0x0000016dc5a55c68 points into unknown readable memory: 0x0000000719201ee8 | e8 1e 20 19 07 00 00 00
stack at sp + 2 slots: 0x0 is null
stack at sp + 3 slots: 0x0000016df11517a0 points into unknown readable memory: 0x6e616c2e6176616a | 6a 61 76 61 2e 6c 61 6e
stack at sp + 4 slots: 0x0000000000000022 is an unknown value
stack at sp + 5 slots: 0x00007ffe825b2b9b libasyncProfiler.dll
stack at sp + 6 slots: 0x0 is null
stack at sp + 7 slots: 0x0000016df114dc78 points into unknown readable memory: 0x00007ffe79d917b0 | b0 17 d9 79 fe 7f 00 00

Lock stack of current Java thread (top to bottom):


---------------  P R O C E S S  ---------------

Threads class SMR info:
_java_thread_list=0x0000016dc5abd570, length=23, elements={
0x0000016dcf7527c0, 0x0000016df1149db0, 0x0000016df114b500, 0x0000016df114d160,
0x0000016df114d8b0, 0x0000016df114eea0, 0x0000016df114e750, 0x0000016df115ddc0,
0x0000016df1166b10, 0x0000016df114e000, 0x0000016df114f5f0, 0x0000016df114fd40,
0x0000016df1150490, 0x0000016dc5887fd0, 0x0000016dc588b300, 0x0000016dc588abb0,
0x0000016df11672a0, 0x0000016dc5888e70, 0x0000016df1165460, 0x0000016df1163db0,
0x0000016df1165bf0, 0x0000016df1164540, 0x0000016dc588c1a0
}

Java Threads: ( => current thread )
  0x0000016dcf7527c0 JavaThread "main"                              [_thread_in_native, id=8068, stack(0x00000026c4700000,0x00000026c4800000) (1024K)]
  0x0000016df1149db0 JavaThread "Reference Handler"          daemon [_thread_blocked, id=10192, stack(0x00000026c4f00000,0x00000026c5000000) (1024K)]
  0x0000016df114b500 JavaThread "Finalizer"                  daemon [_thread_blocked, id=23052, stack(0x00000026c5000000,0x00000026c5100000) (1024K)]
  0x0000016df114d160 JavaThread "Signal Dispatcher"          daemon [_thread_blocked, id=23472, stack(0x00000026c5100000,0x00000026c5200000) (1024K)]
=>0x0000016df114d8b0 JavaThread "Attach Listener"            daemon [_thread_in_native, id=20452, stack(0x00000026c5200000,0x00000026c5300000) (1024K)]
  0x0000016df114eea0 JavaThread "Service Thread"             daemon [_thread_blocked, id=18068, stack(0x00000026c5300000,0x00000026c5400000) (1024K)]
  0x0000016df114e750 JavaThread "Monitor Deflation Thread"   daemon [_thread_blocked, id=23180, stack(0x00000026c5400000,0x00000026c5500000) (1024K)]
  0x0000016df115ddc0 JavaThread "C2 CompilerThread0"         daemon [_thread_in_native, id=12792, stack(0x00000026c5500000,0x00000026c5600000) (1024K)]
  0x0000016df1166b10 JavaThread "C1 CompilerThread0"         daemon [_thread_blocked, id=23768, stack(0x00000026c5600000,0x00000026c5700000) (1024K)]
  0x0000016df114e000 JavaThread "Common-Cleaner"             daemon [_thread_blocked, id=13908, stack(0x00000026c5700000,0x00000026c5800000) (1024K)]
  0x0000016df114f5f0 JavaThread "Monitor Ctrl-Break"         daemon [_thread_in_native, id=25740, stack(0x00000026c5a00000,0x00000026c5b00000) (1024K)]
  0x0000016df114fd40 JavaThread "Notification Thread"        daemon [_thread_blocked, id=16800, stack(0x00000026c5b00000,0x00000026c5c00000) (1024K)]
  0x0000016df1150490 JavaThread "RMI TCP Accept-0"           daemon [_thread_in_native, id=24132, stack(0x00000026c6200000,0x00000026c6300000) (1024K)]
  0x0000016dc5887fd0 JavaThread "RMI TCP Connection(1)-192.168.0.105" daemon [_thread_in_native, id=23632, stack(0x00000026c6300000,0x00000026c6400000) (1024K)]
  0x0000016dc588b300 JavaThread "RMI Scheduler(0)"           daemon [_thread_blocked, id=14236, stack(0x00000026c6400000,0x00000026c6500000) (1024K)]
  0x0000016dc588abb0 JavaThread "JMX server connection timeout 40" daemon [_thread_blocked, id=16320, stack(0x00000026c6500000,0x00000026c6600000) (1024K)]
  0x0000016df11672a0 JavaThread "C2 CompilerThread1"         daemon [_thread_blocked, id=3904, stack(0x00000026c5800000,0x00000026c5900000) (1024K)]
  0x0000016dc5888e70 JavaThread "JFR Recorder Thread"        daemon [_thread_in_native, id=9484, stack(0x00000026c5900000,0x00000026c5a00000) (1024K)]
  0x0000016df1165460 JavaThread "C2 CompilerThread2"         daemon [_thread_blocked, id=23860, stack(0x00000026c5c00000,0x00000026c5d00000) (1024K)]
  0x0000016df1163db0 JavaThread "C1 CompilerThread1"         daemon [_thread_blocked, id=8, stack(0x00000026c5d00000,0x00000026c5e00000) (1024K)]
  0x0000016df1165bf0 JavaThread "C2 CompilerThread3"         daemon [_thread_blocked, id=9524, stack(0x00000026c5e00000,0x00000026c5f00000) (1024K)]
  0x0000016df1164540 JavaThread "C2 CompilerThread4"         daemon [_thread_blocked, id=25792, stack(0x00000026c5f00000,0x00000026c6000000) (1024K)]
  0x0000016dc588c1a0 JavaThread "JFR Periodic Tasks"         daemon [_thread_blocked, id=24484, stack(0x00000026c6000000,0x00000026c6100000) (1024K)]
Total: 23

Other Threads:
  0x0000016df1139970 VMThread "VM Thread"                           [id=22328, stack(0x00000026c4e00000,0x00000026c4f00000) (1024K)]
  0x0000016df112e5b0 WatcherThread "VM Periodic Task Thread"        [id=6260, stack(0x00000026c4d00000,0x00000026c4e00000) (1024K)]
  0x0000016dd1a734d0 WorkerThread "GC Thread#0"                     [id=25124, stack(0x00000026c4800000,0x00000026c4900000) (1024K)]
  0x0000016dd1a87a70 ConcurrentGCThread "G1 Main Marker"            [id=24420, stack(0x00000026c4900000,0x00000026c4a00000) (1024K)]
  0x0000016dd1a88d20 WorkerThread "G1 Conc#0"                       [id=9020, stack(0x00000026c4a00000,0x00000026c4b00000) (1024K)]
  0x0000016dd1aceb90 ConcurrentGCThread "G1 Refine#0"               [id=3864, stack(0x00000026c4b00000,0x00000026c4c00000) (1024K)]
  0x0000016df0ffb7d0 ConcurrentGCThread "G1 Service"                [id=23908, stack(0x00000026c4c00000,0x00000026c4d00000) (1024K)]
Total: 7

Threads with active compile tasks:
C2 CompilerThread0  3967 2043       4       jdk.jfr.internal.MetadataWriter::write (168 bytes)
Total: 1

VM state: not at safepoint (normal execution)

VM Mutex/Monitor currently owned by a thread: None

Heap address: 0x0000000709c00000, size: 3940 MB, Compressed Oops mode: Zero based, Oop shift amount: 3

CDS archive(s) mapped at: [0x0000016d80000000-0x0000016d80d40000-0x0000016d80d40000), size 13893632, SharedBaseAddress: 0x0000016d80000000, ArchiveRelocationMode: 1.
Compressed class space mapped at: 0x0000016d81000000-0x0000016dc1000000, reserved size: 1073741824
UseCompressedClassPointers 1, UseCompactObjectHeaders 0
Narrow klass pointer bits 32, Max shift 3
Narrow klass base: 0x0000016d80000000, Narrow klass shift: 0
Encoding Range: [0x0000016d80000000 - 0x0000016e80000000), (4294967296 bytes)
Klass Range:    [0x0000016d80000000 - 0x0000016dc1000000), (1090519040 bytes)
Klass ID Range:  [8 - 1090519033) (1090519025)

GC Precious Log:
 CardTable entry size: 512
 Card Set container configuration: InlinePtr #cards 4 size 8 Array Of Cards #cards 16 size 48 Howl #buckets 8 coarsen threshold 3686 Howl Bitmap #cards 512 size 80 coarsen threshold 460 Card regions per heap region 1 cards per card region 4096
 CPUs: 16 total, 16 available
 Memory: 15754M
 Large Page Support: Disabled
 NUMA Support: Disabled
 Compressed Oops: Enabled (Zero based)
 Heap Region Size: 2M
 Heap Min Capacity: 8M
 Heap Initial Capacity: 248M
 Heap Max Capacity: 3940M
 Pre-touch: Disabled
 Parallel Workers: 13
 Concurrent Workers: 3
 Concurrent Refinement Workers: 13
 Periodic GC: Disabled

Heap:
 garbage-first heap   total reserved 4034560K, committed 256000K, used 33904K [0x0000000709c00000, 0x0000000800000000)
  region size 2048K, 17 young (34816K), 0 survivors (0K)
 Metaspace       used 7804K, committed 8064K, reserved 1114112K
  class space    used 719K, committed 832K, reserved 1048576K

Heap Regions: E=young(eden), S=young(survivor), O=old, HS=humongous(starts), HC=humongous(continues), CS=collection set, F=free, TAMS=top-at-mark-start, PB=parsable bottom
|   0|0x0000000709c00000, 0x0000000709c00000, 0x0000000709e00000|  0%| F|  |TAMS 0x0000000709c00000| PB 0x0000000709c00000| Untracked |  0
|   1|0x0000000709e00000, 0x0000000709e00000, 0x000000070a000000|  0%| F|  |TAMS 0x0000000709e00000| PB 0x0000000709e00000| Untracked |  0
|   2|0x000000070a000000, 0x000000070a000000, 0x000000070a200000|  0%| F|  |TAMS 0x000000070a000000| PB 0x000000070a000000| Untracked |  0
|   3|0x000000070a200000, 0x000000070a200000, 0x000000070a400000|  0%| F|  |TAMS 0x000000070a200000| PB 0x000000070a200000| Untracked |  0
|   4|0x000000070a400000, 0x000000070a400000, 0x000000070a600000|  0%| F|  |TAMS 0x000000070a400000| PB 0x000000070a400000| Untracked |  0
|   5|0x000000070a600000, 0x000000070a600000, 0x000000070a800000|  0%| F|  |TAMS 0x000000070a600000| PB 0x000000070a600000| Untracked |  0
|   6|0x000000070a800000, 0x000000070a800000, 0x000000070aa00000|  0%| F|  |TAMS 0x000000070a800000| PB 0x000000070a800000| Untracked |  0
|   7|0x000000070aa00000, 0x000000070aa00000, 0x000000070ac00000|  0%| F|  |TAMS 0x000000070aa00000| PB 0x000000070aa00000| Untracked |  0
|   8|0x000000070ac00000, 0x000000070ac00000, 0x000000070ae00000|  0%| F|  |TAMS 0x000000070ac00000| PB 0x000000070ac00000| Untracked |  0
|   9|0x000000070ae00000, 0x000000070ae00000, 0x000000070b000000|  0%| F|  |TAMS 0x000000070ae00000| PB 0x000000070ae00000| Untracked |  0
|  10|0x000000070b000000, 0x000000070b000000, 0x000000070b200000|  0%| F|  |TAMS 0x000000070b000000| PB 0x000000070b000000| Untracked |  0
|  11|0x000000070b200000, 0x000000070b200000, 0x000000070b400000|  0%| F|  |TAMS 0x000000070b200000| PB 0x000000070b200000| Untracked |  0
|  12|0x000000070b400000, 0x000000070b400000, 0x000000070b600000|  0%| F|  |TAMS 0x000000070b400000| PB 0x000000070b400000| Untracked |  0
|  13|0x000000070b600000, 0x000000070b600000, 0x000000070b800000|  0%| F|  |TAMS 0x000000070b600000| PB 0x000000070b600000| Untracked |  0
|  14|0x000000070b800000, 0x000000070b800000, 0x000000070ba00000|  0%| F|  |TAMS 0x000000070b800000| PB 0x000000070b800000| Untracked |  0
|  15|0x000000070ba00000, 0x000000070ba00000, 0x000000070bc00000|  0%| F|  |TAMS 0x000000070ba00000| PB 0x000000070ba00000| Untracked |  0
|  16|0x000000070bc00000, 0x000000070bc00000, 0x000000070be00000|  0%| F|  |TAMS 0x000000070bc00000| PB 0x000000070bc00000| Untracked |  0
|  17|0x000000070be00000, 0x000000070be00000, 0x000000070c000000|  0%| F|  |TAMS 0x000000070be00000| PB 0x000000070be00000| Untracked |  0
|  18|0x000000070c000000, 0x000000070c000000, 0x000000070c200000|  0%| F|  |TAMS 0x000000070c000000| PB 0x000000070c000000| Untracked |  0
|  19|0x000000070c200000, 0x000000070c200000, 0x000000070c400000|  0%| F|  |TAMS 0x000000070c200000| PB 0x000000070c200000| Untracked |  0
|  20|0x000000070c400000, 0x000000070c400000, 0x000000070c600000|  0%| F|  |TAMS 0x000000070c400000| PB 0x000000070c400000| Untracked |  0
|  21|0x000000070c600000, 0x000000070c600000, 0x000000070c800000|  0%| F|  |TAMS 0x000000070c600000| PB 0x000000070c600000| Untracked |  0
|  22|0x000000070c800000, 0x000000070c800000, 0x000000070ca00000|  0%| F|  |TAMS 0x000000070c800000| PB 0x000000070c800000| Untracked |  0
|  23|0x000000070ca00000, 0x000000070ca00000, 0x000000070cc00000|  0%| F|  |TAMS 0x000000070ca00000| PB 0x000000070ca00000| Untracked |  0
|  24|0x000000070cc00000, 0x000000070cc00000, 0x000000070ce00000|  0%| F|  |TAMS 0x000000070cc00000| PB 0x000000070cc00000| Untracked |  0
|  25|0x000000070ce00000, 0x000000070ce00000, 0x000000070d000000|  0%| F|  |TAMS 0x000000070ce00000| PB 0x000000070ce00000| Untracked |  0
|  26|0x000000070d000000, 0x000000070d000000, 0x000000070d200000|  0%| F|  |TAMS 0x000000070d000000| PB 0x000000070d000000| Untracked |  0
|  27|0x000000070d200000, 0x000000070d200000, 0x000000070d400000|  0%| F|  |TAMS 0x000000070d200000| PB 0x000000070d200000| Untracked |  0
|  28|0x000000070d400000, 0x000000070d400000, 0x000000070d600000|  0%| F|  |TAMS 0x000000070d400000| PB 0x000000070d400000| Untracked |  0
|  29|0x000000070d600000, 0x000000070d600000, 0x000000070d800000|  0%| F|  |TAMS 0x000000070d600000| PB 0x000000070d600000| Untracked |  0
|  30|0x000000070d800000, 0x000000070d800000, 0x000000070da00000|  0%| F|  |TAMS 0x000000070d800000| PB 0x000000070d800000| Untracked |  0
|  31|0x000000070da00000, 0x000000070da00000, 0x000000070dc00000|  0%| F|  |TAMS 0x000000070da00000| PB 0x000000070da00000| Untracked |  0
|  32|0x000000070dc00000, 0x000000070dc00000, 0x000000070de00000|  0%| F|  |TAMS 0x000000070dc00000| PB 0x000000070dc00000| Untracked |  0
|  33|0x000000070de00000, 0x000000070de00000, 0x000000070e000000|  0%| F|  |TAMS 0x000000070de00000| PB 0x000000070de00000| Untracked |  0
|  34|0x000000070e000000, 0x000000070e000000, 0x000000070e200000|  0%| F|  |TAMS 0x000000070e000000| PB 0x000000070e000000| Untracked |  0
|  35|0x000000070e200000, 0x000000070e200000, 0x000000070e400000|  0%| F|  |TAMS 0x000000070e200000| PB 0x000000070e200000| Untracked |  0
|  36|0x000000070e400000, 0x000000070e400000, 0x000000070e600000|  0%| F|  |TAMS 0x000000070e400000| PB 0x000000070e400000| Untracked |  0
|  37|0x000000070e600000, 0x000000070e600000, 0x000000070e800000|  0%| F|  |TAMS 0x000000070e600000| PB 0x000000070e600000| Untracked |  0
|  38|0x000000070e800000, 0x000000070e800000, 0x000000070ea00000|  0%| F|  |TAMS 0x000000070e800000| PB 0x000000070e800000| Untracked |  0
|  39|0x000000070ea00000, 0x000000070ea00000, 0x000000070ec00000|  0%| F|  |TAMS 0x000000070ea00000| PB 0x000000070ea00000| Untracked |  0
|  40|0x000000070ec00000, 0x000000070ec00000, 0x000000070ee00000|  0%| F|  |TAMS 0x000000070ec00000| PB 0x000000070ec00000| Untracked |  0
|  41|0x000000070ee00000, 0x000000070ee00000, 0x000000070f000000|  0%| F|  |TAMS 0x000000070ee00000| PB 0x000000070ee00000| Untracked |  0
|  42|0x000000070f000000, 0x000000070f000000, 0x000000070f200000|  0%| F|  |TAMS 0x000000070f000000| PB 0x000000070f000000| Untracked |  0
|  43|0x000000070f200000, 0x000000070f200000, 0x000000070f400000|  0%| F|  |TAMS 0x000000070f200000| PB 0x000000070f200000| Untracked |  0
|  44|0x000000070f400000, 0x000000070f400000, 0x000000070f600000|  0%| F|  |TAMS 0x000000070f400000| PB 0x000000070f400000| Untracked |  0
|  45|0x000000070f600000, 0x000000070f600000, 0x000000070f800000|  0%| F|  |TAMS 0x000000070f600000| PB 0x000000070f600000| Untracked |  0
|  46|0x000000070f800000, 0x000000070f800000, 0x000000070fa00000|  0%| F|  |TAMS 0x000000070f800000| PB 0x000000070f800000| Untracked |  0
|  47|0x000000070fa00000, 0x000000070fa00000, 0x000000070fc00000|  0%| F|  |TAMS 0x000000070fa00000| PB 0x000000070fa00000| Untracked |  0
|  48|0x000000070fc00000, 0x000000070fc00000, 0x000000070fe00000|  0%| F|  |TAMS 0x000000070fc00000| PB 0x000000070fc00000| Untracked |  0
|  49|0x000000070fe00000, 0x000000070fe00000, 0x0000000710000000|  0%| F|  |TAMS 0x000000070fe00000| PB 0x000000070fe00000| Untracked |  0
|  50|0x0000000710000000, 0x0000000710000000, 0x0000000710200000|  0%| F|  |TAMS 0x0000000710000000| PB 0x0000000710000000| Untracked |  0
|  51|0x0000000710200000, 0x0000000710200000, 0x0000000710400000|  0%| F|  |TAMS 0x0000000710200000| PB 0x0000000710200000| Untracked |  0
|  52|0x0000000710400000, 0x0000000710400000, 0x0000000710600000|  0%| F|  |TAMS 0x0000000710400000| PB 0x0000000710400000| Untracked |  0
|  53|0x0000000710600000, 0x0000000710600000, 0x0000000710800000|  0%| F|  |TAMS 0x0000000710600000| PB 0x0000000710600000| Untracked |  0
|  54|0x0000000710800000, 0x0000000710800000, 0x0000000710a00000|  0%| F|  |TAMS 0x0000000710800000| PB 0x0000000710800000| Untracked |  0
|  55|0x0000000710a00000, 0x0000000710a00000, 0x0000000710c00000|  0%| F|  |TAMS 0x0000000710a00000| PB 0x0000000710a00000| Untracked |  0
|  56|0x0000000710c00000, 0x0000000710c00000, 0x0000000710e00000|  0%| F|  |TAMS 0x0000000710c00000| PB 0x0000000710c00000| Untracked |  0
|  57|0x0000000710e00000, 0x0000000710e00000, 0x0000000711000000|  0%| F|  |TAMS 0x0000000710e00000| PB 0x0000000710e00000| Untracked |  0
|  58|0x0000000711000000, 0x0000000711000000, 0x0000000711200000|  0%| F|  |TAMS 0x0000000711000000| PB 0x0000000711000000| Untracked |  0
|  59|0x0000000711200000, 0x0000000711200000, 0x0000000711400000|  0%| F|  |TAMS 0x0000000711200000| PB 0x0000000711200000| Untracked |  0
|  60|0x0000000711400000, 0x0000000711400000, 0x0000000711600000|  0%| F|  |TAMS 0x0000000711400000| PB 0x0000000711400000| Untracked |  0
|  61|0x0000000711600000, 0x0000000711600000, 0x0000000711800000|  0%| F|  |TAMS 0x0000000711600000| PB 0x0000000711600000| Untracked |  0
|  62|0x0000000711800000, 0x0000000711800000, 0x0000000711a00000|  0%| F|  |TAMS 0x0000000711800000| PB 0x0000000711800000| Untracked |  0
|  63|0x0000000711a00000, 0x0000000711a00000, 0x0000000711c00000|  0%| F|  |TAMS 0x0000000711a00000| PB 0x0000000711a00000| Untracked |  0
|  64|0x0000000711c00000, 0x0000000711c00000, 0x0000000711e00000|  0%| F|  |TAMS 0x0000000711c00000| PB 0x0000000711c00000| Untracked |  0
|  65|0x0000000711e00000, 0x0000000711e00000, 0x0000000712000000|  0%| F|  |TAMS 0x0000000711e00000| PB 0x0000000711e00000| Untracked |  0
|  66|0x0000000712000000, 0x0000000712000000, 0x0000000712200000|  0%| F|  |TAMS 0x0000000712000000| PB 0x0000000712000000| Untracked |  0
|  67|0x0000000712200000, 0x0000000712200000, 0x0000000712400000|  0%| F|  |TAMS 0x0000000712200000| PB 0x0000000712200000| Untracked |  0
|  68|0x0000000712400000, 0x0000000712400000, 0x0000000712600000|  0%| F|  |TAMS 0x0000000712400000| PB 0x0000000712400000| Untracked |  0
|  69|0x0000000712600000, 0x0000000712600000, 0x0000000712800000|  0%| F|  |TAMS 0x0000000712600000| PB 0x0000000712600000| Untracked |  0
|  70|0x0000000712800000, 0x0000000712800000, 0x0000000712a00000|  0%| F|  |TAMS 0x0000000712800000| PB 0x0000000712800000| Untracked |  0
|  71|0x0000000712a00000, 0x0000000712a00000, 0x0000000712c00000|  0%| F|  |TAMS 0x0000000712a00000| PB 0x0000000712a00000| Untracked |  0
|  72|0x0000000712c00000, 0x0000000712c00000, 0x0000000712e00000|  0%| F|  |TAMS 0x0000000712c00000| PB 0x0000000712c00000| Untracked |  0
|  73|0x0000000712e00000, 0x0000000712e00000, 0x0000000713000000|  0%| F|  |TAMS 0x0000000712e00000| PB 0x0000000712e00000| Untracked |  0
|  74|0x0000000713000000, 0x0000000713000000, 0x0000000713200000|  0%| F|  |TAMS 0x0000000713000000| PB 0x0000000713000000| Untracked |  0
|  75|0x0000000713200000, 0x0000000713200000, 0x0000000713400000|  0%| F|  |TAMS 0x0000000713200000| PB 0x0000000713200000| Untracked |  0
|  76|0x0000000713400000, 0x0000000713400000, 0x0000000713600000|  0%| F|  |TAMS 0x0000000713400000| PB 0x0000000713400000| Untracked |  0
|  77|0x0000000713600000, 0x0000000713600000, 0x0000000713800000|  0%| F|  |TAMS 0x0000000713600000| PB 0x0000000713600000| Untracked |  0
|  78|0x0000000713800000, 0x0000000713800000, 0x0000000713a00000|  0%| F|  |TAMS 0x0000000713800000| PB 0x0000000713800000| Untracked |  0
|  79|0x0000000713a00000, 0x0000000713a00000, 0x0000000713c00000|  0%| F|  |TAMS 0x0000000713a00000| PB 0x0000000713a00000| Untracked |  0
|  80|0x0000000713c00000, 0x0000000713c00000, 0x0000000713e00000|  0%| F|  |TAMS 0x0000000713c00000| PB 0x0000000713c00000| Untracked |  0
|  81|0x0000000713e00000, 0x0000000713e00000, 0x0000000714000000|  0%| F|  |TAMS 0x0000000713e00000| PB 0x0000000713e00000| Untracked |  0
|  82|0x0000000714000000, 0x0000000714000000, 0x0000000714200000|  0%| F|  |TAMS 0x0000000714000000| PB 0x0000000714000000| Untracked |  0
|  83|0x0000000714200000, 0x0000000714200000, 0x0000000714400000|  0%| F|  |TAMS 0x0000000714200000| PB 0x0000000714200000| Untracked |  0
|  84|0x0000000714400000, 0x0000000714400000, 0x0000000714600000|  0%| F|  |TAMS 0x0000000714400000| PB 0x0000000714400000| Untracked |  0
|  85|0x0000000714600000, 0x0000000714600000, 0x0000000714800000|  0%| F|  |TAMS 0x0000000714600000| PB 0x0000000714600000| Untracked |  0
|  86|0x0000000714800000, 0x0000000714800000, 0x0000000714a00000|  0%| F|  |TAMS 0x0000000714800000| PB 0x0000000714800000| Untracked |  0
|  87|0x0000000714a00000, 0x0000000714a00000, 0x0000000714c00000|  0%| F|  |TAMS 0x0000000714a00000| PB 0x0000000714a00000| Untracked |  0
|  88|0x0000000714c00000, 0x0000000714c00000, 0x0000000714e00000|  0%| F|  |TAMS 0x0000000714c00000| PB 0x0000000714c00000| Untracked |  0
|  89|0x0000000714e00000, 0x0000000714e00000, 0x0000000715000000|  0%| F|  |TAMS 0x0000000714e00000| PB 0x0000000714e00000| Untracked |  0
|  90|0x0000000715000000, 0x0000000715000000, 0x0000000715200000|  0%| F|  |TAMS 0x0000000715000000| PB 0x0000000715000000| Untracked |  0
|  91|0x0000000715200000, 0x0000000715200000, 0x0000000715400000|  0%| F|  |TAMS 0x0000000715200000| PB 0x0000000715200000| Untracked |  0
|  92|0x0000000715400000, 0x0000000715400000, 0x0000000715600000|  0%| F|  |TAMS 0x0000000715400000| PB 0x0000000715400000| Untracked |  0
|  93|0x0000000715600000, 0x0000000715600000, 0x0000000715800000|  0%| F|  |TAMS 0x0000000715600000| PB 0x0000000715600000| Untracked |  0
|  94|0x0000000715800000, 0x0000000715800000, 0x0000000715a00000|  0%| F|  |TAMS 0x0000000715800000| PB 0x0000000715800000| Untracked |  0
|  95|0x0000000715a00000, 0x0000000715a00000, 0x0000000715c00000|  0%| F|  |TAMS 0x0000000715a00000| PB 0x0000000715a00000| Untracked |  0
|  96|0x0000000715c00000, 0x0000000715c00000, 0x0000000715e00000|  0%| F|  |TAMS 0x0000000715c00000| PB 0x0000000715c00000| Untracked |  0
|  97|0x0000000715e00000, 0x0000000715e00000, 0x0000000716000000|  0%| F|  |TAMS 0x0000000715e00000| PB 0x0000000715e00000| Untracked |  0
|  98|0x0000000716000000, 0x0000000716000000, 0x0000000716200000|  0%| F|  |TAMS 0x0000000716000000| PB 0x0000000716000000| Untracked |  0
|  99|0x0000000716200000, 0x0000000716200000, 0x0000000716400000|  0%| F|  |TAMS 0x0000000716200000| PB 0x0000000716200000| Untracked |  0
| 100|0x0000000716400000, 0x0000000716400000, 0x0000000716600000|  0%| F|  |TAMS 0x0000000716400000| PB 0x0000000716400000| Untracked |  0
| 101|0x0000000716600000, 0x0000000716600000, 0x0000000716800000|  0%| F|  |TAMS 0x0000000716600000| PB 0x0000000716600000| Untracked |  0
| 102|0x0000000716800000, 0x0000000716800000, 0x0000000716a00000|  0%| F|  |TAMS 0x0000000716800000| PB 0x0000000716800000| Untracked |  0
| 103|0x0000000716a00000, 0x0000000716a00000, 0x0000000716c00000|  0%| F|  |TAMS 0x0000000716a00000| PB 0x0000000716a00000| Untracked |  0
| 104|0x0000000716c00000, 0x0000000716c00000, 0x0000000716e00000|  0%| F|  |TAMS 0x0000000716c00000| PB 0x0000000716c00000| Untracked |  0
| 105|0x0000000716e00000, 0x0000000716e00000, 0x0000000717000000|  0%| F|  |TAMS 0x0000000716e00000| PB 0x0000000716e00000| Untracked |  0
| 106|0x0000000717000000, 0x0000000717000000, 0x0000000717200000|  0%| F|  |TAMS 0x0000000717000000| PB 0x0000000717000000| Untracked |  0
| 107|0x0000000717200000, 0x0000000717400000, 0x0000000717400000|100%| E|  |TAMS 0x0000000717200000| PB 0x0000000717200000| Complete |  0
| 108|0x0000000717400000, 0x0000000717600000, 0x0000000717600000|100%| E|CS|TAMS 0x0000000717400000| PB 0x0000000717400000| Complete |  0
| 109|0x0000000717600000, 0x0000000717800000, 0x0000000717800000|100%| E|CS|TAMS 0x0000000717600000| PB 0x0000000717600000| Complete |  0
| 110|0x0000000717800000, 0x0000000717a00000, 0x0000000717a00000|100%| E|CS|TAMS 0x0000000717800000| PB 0x0000000717800000| Complete |  0
| 111|0x0000000717a00000, 0x0000000717c00000, 0x0000000717c00000|100%| E|CS|TAMS 0x0000000717a00000| PB 0x0000000717a00000| Complete |  0
| 112|0x0000000717c00000, 0x0000000717e00000, 0x0000000717e00000|100%| E|CS|TAMS 0x0000000717c00000| PB 0x0000000717c00000| Complete |  0
| 113|0x0000000717e00000, 0x0000000718000000, 0x0000000718000000|100%| E|CS|TAMS 0x0000000717e00000| PB 0x0000000717e00000| Complete |  0
| 114|0x0000000718000000, 0x0000000718200000, 0x0000000718200000|100%| E|CS|TAMS 0x0000000718000000| PB 0x0000000718000000| Complete |  0
| 115|0x0000000718200000, 0x0000000718400000, 0x0000000718400000|100%| E|CS|TAMS 0x0000000718200000| PB 0x0000000718200000| Complete |  0
| 116|0x0000000718400000, 0x0000000718600000, 0x0000000718600000|100%| E|CS|TAMS 0x0000000718400000| PB 0x0000000718400000| Complete |  0
| 117|0x0000000718600000, 0x0000000718800000, 0x0000000718800000|100%| E|CS|TAMS 0x0000000718600000| PB 0x0000000718600000| Complete |  0
| 118|0x0000000718800000, 0x0000000718a00000, 0x0000000718a00000|100%| E|CS|TAMS 0x0000000718800000| PB 0x0000000718800000| Complete |  0
| 119|0x0000000718a00000, 0x0000000718c00000, 0x0000000718c00000|100%| E|CS|TAMS 0x0000000718a00000| PB 0x0000000718a00000| Complete |  0
| 120|0x0000000718c00000, 0x0000000718e00000, 0x0000000718e00000|100%| E|CS|TAMS 0x0000000718c00000| PB 0x0000000718c00000| Complete |  0
| 121|0x0000000718e00000, 0x0000000719000000, 0x0000000719000000|100%| E|CS|TAMS 0x0000000718e00000| PB 0x0000000718e00000| Complete |  0
| 122|0x0000000719000000, 0x0000000719200000, 0x0000000719200000|100%| E|CS|TAMS 0x0000000719000000| PB 0x0000000719000000| Complete |  0
| 123|0x0000000719200000, 0x0000000719400000, 0x0000000719400000|100%| E|CS|TAMS 0x0000000719200000| PB 0x0000000719200000| Complete |  0
|1969|0x00000007ffe00000, 0x00000007fff1c348, 0x0000000800000000| 55%| O|  |TAMS 0x00000007ffe00000| PB 0x00000007ffe00000| Untracked |  0

Card table byte_map: [0x0000016dea410000,0x0000016deabd0000] _byte_map_base: 0x0000016de6bc2000

Marking Bits: (CMBitMap*) 0x0000016dd1a73be0
 Bits: [0x0000016deabd0000, 0x0000016dee960000)

Polling page: 0x0000016dd11e0000

Metaspace:

Usage:
  Non-class:      6.92 MB used.
      Class:    719.09 KB used.
       Both:      7.62 MB used.

Virtual space:
  Non-class space:       64.00 MB reserved,       7.06 MB ( 11%) committed,  1 nodes.
      Class space:        1.00 GB reserved,     832.00 KB ( <1%) committed,  1 nodes.
             Both:        1.06 GB reserved,       7.88 MB ( <1%) committed. 

Chunk freelists:
   Non-Class:  8.97 MB
       Class:  15.20 MB
        Both:  24.17 MB

MaxMetaspaceSize: unlimited
CompressedClassSpaceSize: 1.00 GB
Initial GC threshold: 21.00 MB
Current GC threshold: 21.00 MB
CDS: on
 - commit_granule_bytes: 65536.
 - commit_granule_words: 8192.
 - virtual_space_node_default_size: 8388608.
 - enlarge_chunks_in_place: 1.
UseCompressedClassPointers 1, UseCompactObjectHeaders 0
Narrow klass pointer bits 32, Max shift 3
Narrow klass base: 0x0000016d80000000, Narrow klass shift: 0
Encoding Range: [0x0000016d80000000 - 0x0000016e80000000), (4294967296 bytes)
Klass Range:    [0x0000016d80000000 - 0x0000016dc1000000), (1090519040 bytes)
Klass ID Range:  [8 - 1090519033) (1090519025)


Internal statistics:

num_allocs_failed_limit: 0.
num_arena_births: 182.
num_arena_deaths: 0.
num_vsnodes_births: 2.
num_vsnodes_deaths: 0.
num_space_committed: 126.
num_space_uncommitted: 0.
num_chunks_returned_to_freelist: 0.
num_chunks_taken_from_freelist: 250.
num_chunk_merges: 0.
num_chunk_splits: 140.
num_chunks_enlarged: 41.
num_inconsistent_stats: 0.

CodeHeap 'non-profiled nmethods': size=119232Kb used=632Kb max_used=632Kb free=118599Kb
 bounds [0x0000016de1e40000, 0x0000016de20b0000, 0x0000016de92b0000]
CodeHeap 'profiled nmethods': size=119104Kb used=3062Kb max_used=3062Kb free=116041Kb
 bounds [0x0000016dda2b0000, 0x0000016dda5b0000, 0x0000016de1700000]
CodeHeap 'non-nmethods': size=7424Kb used=1901Kb max_used=3062Kb free=5522Kb
 bounds [0x0000016de1700000, 0x0000016de1a10000, 0x0000016de1e40000]
CodeCache: size=245760Kb, used=5595Kb, max_used=6756Kb, free=240162Kb
 total_blobs=2579, nmethods=2074, adapters=409, full_count=0
Compilation: enabled, stopped_count=0, restarted_count=0

Compilation events (20 events):
Event: 3.806 Thread 0x0000016df1163db0 2070       3       jdk.jfr.internal.Control::findCombine (121 bytes)
Event: 3.806 Thread 0x0000016df1165460 nmethod 2052 0x0000016de1edba88 code [0x0000016de1edbba0, 0x0000016de1edbe30]
Event: 3.806 Thread 0x0000016df1166b10 nmethod 2067 0x0000016dda5a8508 code [0x0000016dda5a87a0, 0x0000016dda5a9bf8]
Event: 3.806 Thread 0x0000016df1166b10 2066       1       jdk.jfr.internal.PlatformEventType::isEnabled (5 bytes)
Event: 3.806 Thread 0x0000016df1166b10 nmethod 2066 0x0000016de1edbe88 code [0x0000016de1edbf80, 0x0000016de1edc048]
Event: 3.806 Thread 0x0000016df1166b10 2065       1       jdk.jfr.internal.EventControl::getNamedControls (5 bytes)
Event: 3.806 Thread 0x0000016df1166b10 nmethod 2065 0x0000016de1edc188 code [0x0000016de1edc280, 0x0000016de1edc348]
Event: 3.806 Thread 0x0000016df1163db0 nmethod 2070 0x0000016dda5a9c88 code [0x0000016dda5a9ea0, 0x0000016dda5aae88]
Event: 3.808 Thread 0x0000016df1164540 nmethod 2019 0x0000016de1edc488 code [0x0000016de1edc6e0, 0x0000016de1edd330]
Event: 3.809 Thread 0x0000016df1163db0 2071       1       jdk.jfr.internal.periodic.EventTask::getEventType (5 bytes)
Event: 3.809 Thread 0x0000016df1163db0 nmethod 2071 0x0000016de1edd408 code [0x0000016de1edd500, 0x0000016de1edd5c8]
Event: 3.809 Thread 0x0000016df1163db0 2072       1       jdk.jfr.internal.periodic.PeriodicTask::getPeriod (5 bytes)
Event: 3.809 Thread 0x0000016df1166b10 2073       3       java.util.Comparator$$Lambda/0x0000016d810a1360::compare (10 bytes)
Event: 3.809 Thread 0x0000016df11672a0 nmethod 2053 0x0000016de1edd708 code [0x0000016de1edd820, 0x0000016de1eddd20]
Event: 3.809 Thread 0x0000016df1163db0 nmethod 2072 0x0000016de1eddd88 code [0x0000016de1edde80, 0x0000016de1eddf48]
Event: 3.809 Thread 0x0000016df1163db0 2074       3       java.util.Comparator::lambda$comparingLong$6043328a$1 (18 bytes)
Event: 3.809 Thread 0x0000016df1166b10 nmethod 2073 0x0000016dda5aaf08 code [0x0000016dda5ab060, 0x0000016dda5ab4d8]
Event: 3.809 Thread 0x0000016df1166b10 2075       3       java.lang.invoke.InnerClassLambdaMetafactory::methodDesc (45 bytes)
Event: 3.809 Thread 0x0000016df1163db0 nmethod 2074 0x0000016dda5ab508 code [0x0000016dda5ab660, 0x0000016dda5aba40]
Event: 3.810 Thread 0x0000016df1166b10 nmethod 2075 0x0000016dda5aba88 code [0x0000016dda5abd80, 0x0000016dda5adaa0]

GC Heap History (0 events):
No events

Dll operation events (12 events):
Event: 0.014 Loaded shared library C:\Users\Adrian\.jdks\openjdk-24\bin\java.dll
Event: 0.035 Loaded shared library C:\Users\Adrian\.jdks\openjdk-24\bin\jsvml.dll
Event: 0.062 Loaded shared library C:\Users\Adrian\.jdks\openjdk-24\bin\zip.dll
Event: 0.067 Loaded shared library C:\Users\Adrian\.jdks\openjdk-24\bin\instrument.dll
Event: 0.071 Loaded shared library C:\Users\Adrian\.jdks\openjdk-24\bin\net.dll
Event: 0.073 Loaded shared library C:\Users\Adrian\.jdks\openjdk-24\bin\nio.dll
Event: 0.076 Loaded shared library C:\Users\Adrian\.jdks\openjdk-24\bin\zip.dll
Event: 0.092 Loaded shared library C:\Users\Adrian\.jdks\openjdk-24\bin\jimage.dll
Event: 0.094 Loaded shared library C:\Users\Adrian\.jdks\openjdk-24\bin\extnet.dll
Event: 0.349 Loaded shared library C:\Users\Adrian\.jdks\openjdk-24\bin\management.dll
Event: 0.367 Loaded shared library C:\Users\Adrian\.jdks\openjdk-24\bin\management_ext.dll
Event: 3.635 Loaded shared library C:\Users\Adrian\AppData\Local\Temp\idea_libasyncProfiler_dll_temp_folder\libasyncProfiler.dll

Deoptimization events (20 events):
Event: 3.747 Thread 0x0000016df114d8b0 Uncommon trap: trap_request=0xffffff4d fr.pc=0x0000016de1ec6460 relative=0x00000000000000c0
Event: 3.747 Thread 0x0000016df114d8b0 Uncommon trap: reason=unstable_if action=reinterpret pc=0x0000016de1ec6460 method=jdk.jfr.internal.Type.getKnownType(Ljava/lang/Class;)Ljdk/jfr/internal/Type; @ 47 c2
Event: 3.747 Thread 0x0000016df114d8b0 DEOPT PACKING pc=0x0000016de1ec6460 sp=0x00000026c52fde90
Event: 3.747 Thread 0x0000016df114d8b0 DEOPT UNPACKING pc=0x0000016de1815c02 sp=0x00000026c52fde28 mode 2
Event: 3.754 Thread 0x0000016df114d8b0 Uncommon trap: trap_request=0xffffff4d fr.pc=0x0000016de1ec7aa8 relative=0x0000000000000268
Event: 3.754 Thread 0x0000016df114d8b0 Uncommon trap: reason=unstable_if action=reinterpret pc=0x0000016de1ec7aa8 method=java.util.concurrent.ConcurrentHashMap.get(Ljava/lang/Object;)Ljava/lang/Object; @ 76 c2
Event: 3.754 Thread 0x0000016df114d8b0 DEOPT PACKING pc=0x0000016de1ec7aa8 sp=0x00000026c52fdeb0
Event: 3.754 Thread 0x0000016df114d8b0 DEOPT UNPACKING pc=0x0000016de1815c02 sp=0x00000026c52fde28 mode 2
Event: 3.759 Thread 0x0000016df114d8b0 Uncommon trap: trap_request=0xffffffcc fr.pc=0x0000016de1eca96c relative=0x00000000000003ac
Event: 3.759 Thread 0x0000016df114d8b0 Uncommon trap: reason=intrinsic_or_type_checked_inlining action=make_not_entrant pc=0x0000016de1eca96c method=java.util.Arrays.copyOf([Ljava/lang/Object;ILjava/lang/Class;)[Ljava/lang/Object; @ 35 c2
Event: 3.759 Thread 0x0000016df114d8b0 DEOPT PACKING pc=0x0000016de1eca96c sp=0x00000026c52fe000
Event: 3.759 Thread 0x0000016df114d8b0 DEOPT UNPACKING pc=0x0000016de1815c02 sp=0x00000026c52fdfa8 mode 2
Event: 3.796 Thread 0x0000016df114d8b0 Uncommon trap: trap_request=0xffffff4d fr.pc=0x0000016de1ed40ac relative=0x000000000000020c
Event: 3.796 Thread 0x0000016df114d8b0 Uncommon trap: reason=unstable_if action=reinterpret pc=0x0000016de1ed40ac method=java.io.ByteArrayOutputStream.ensureCapacity(I)V @ 11 c2
Event: 3.796 Thread 0x0000016df114d8b0 DEOPT PACKING pc=0x0000016de1ed40ac sp=0x00000026c52fe320
Event: 3.796 Thread 0x0000016df114d8b0 DEOPT UNPACKING pc=0x0000016de1815c02 sp=0x00000026c52fe258 mode 2
Event: 3.798 Thread 0x0000016df114d8b0 Uncommon trap: trap_request=0xffffff4d fr.pc=0x0000016de1ed5ff0 relative=0x00000000000003d0
Event: 3.798 Thread 0x0000016df114d8b0 Uncommon trap: reason=unstable_if action=reinterpret pc=0x0000016de1ed5ff0 method=java.io.ByteArrayOutputStream.ensureCapacity(I)V @ 11 c2
Event: 3.798 Thread 0x0000016df114d8b0 DEOPT PACKING pc=0x0000016de1ed5ff0 sp=0x00000026c52fe280
Event: 3.798 Thread 0x0000016df114d8b0 DEOPT UNPACKING pc=0x0000016de1815c02 sp=0x00000026c52fe160 mode 2

Classes loaded (20 events):
Event: 3.788 Loading class jdk/jfr/internal/MetadataWriter
Event: 3.788 Loading class jdk/jfr/internal/MetadataWriter done
Event: 3.788 Loading class jdk/jfr/internal/MetadataDescriptor$Element
Event: 3.789 Loading class jdk/jfr/internal/MetadataDescriptor$Element done
Event: 3.789 Loading class jdk/jfr/internal/MetadataDescriptor$Attribute
Event: 3.789 Loading class jdk/jfr/internal/MetadataDescriptor$Attribute done
Event: 3.794 Loading class jdk/jfr/internal/consumer/StringParser$Encoding
Event: 3.794 Loading class jdk/jfr/internal/consumer/StringParser$Encoding done
Event: 3.800 Loading class jdk/jfr/internal/consumer/RepositoryFiles
Event: 3.801 Loading class jdk/jfr/internal/consumer/RepositoryFiles done
Event: 3.802 Loading class jdk/jfr/internal/SettingsManager$InternalSetting
Event: 3.802 Loading class jdk/jfr/internal/SettingsManager$InternalSetting done
Event: 3.804 Loading class jdk/jfr/internal/util/Rate
Event: 3.804 Loading class jdk/jfr/internal/util/Rate done
Event: 3.804 Loading class jdk/jfr/internal/util/TimespanUnit
Event: 3.804 Loading class jdk/jfr/internal/util/TimespanUnit done
Event: 3.804 Loading class jdk/jfr/internal/util/ValueParser
Event: 3.805 Loading class jdk/jfr/internal/util/ValueParser done
Event: 3.806 Loading class jdk/jfr/internal/periodic/PeriodicType
Event: 3.806 Loading class jdk/jfr/internal/periodic/PeriodicType done

Classes unloaded (0 events):
No events

Classes redefined (0 events):
No events

Internal exceptions (20 events):
Event: 0.719 Thread 0x0000016dc5887fd0 Exception <a 'java/lang/NoSuchMethodError'{0x00000007180f2fd8}: 'java.lang.Object java.lang.invoke.DirectMethodHandle$Holder.invokeStatic(java.lang.Object, java.lang.Object, java.lang.Object, java.lang.Object, java.lang.Object, java.lang.Object, java.lang.Object, java.lang.Object)'> (0x00000007180f2fd8) 
thrown [s\open\src\hotspot\share\interpreter\linkResolver.cpp, line 805]
Event: 0.721 Thread 0x0000016dc5887fd0 Exception <a 'java/lang/NoSuchMethodError'{0x0000000717f1bdb0}: 'java.lang.Object java.lang.invoke.DirectMethodHandle$Holder.invokeStatic(java.lang.Object, java.lang.Object, java.lang.Object, java.lang.Object, java.lang.Object, java.lang.Object, java.lang.Object, java.lang.Object, java.lang.Object)'> (0x0000000717f1bdb0) 
thrown [s\open\src\hotspot\share\interpreter\linkResolver.cpp, line 805]
Event: 0.722 Thread 0x0000016dc5887fd0 Exception <a 'java/lang/NoSuchMethodError'{0x0000000717f2f260}: 'java.lang.Object java.lang.invoke.Invokers$Holder.invokeExact_MT(java.lang.Object, java.lang.Object, java.lang.Object, java.lang.Object, java.lang.Object, java.lang.Object)'> (0x0000000717f2f260) 
thrown [s\open\src\hotspot\share\interpreter\linkResolver.cpp, line 805]
Event: 0.733 Thread 0x0000016dc5887fd0 Exception <a 'java/lang/NoSuchMethodError'{0x0000000717f3aff0}: 'java.lang.Object java.lang.invoke.DirectMethodHandle$Holder.invokeInterface(java.lang.Object, java.lang.Object, java.lang.Object, java.lang.Object, java.lang.Object)'> (0x0000000717f3aff0) 
thrown [s\open\src\hotspot\share\interpreter\linkResolver.cpp, line 805]
Event: 0.738 Thread 0x0000016dc5887fd0 Exception <a 'java/lang/NoSuchMethodError'{0x0000000717f859f8}: 'double java.lang.invoke.DirectMethodHandle$Holder.invokeInterface(java.lang.Object, java.lang.Object)'> (0x0000000717f859f8) 
thrown [s\open\src\hotspot\share\interpreter\linkResolver.cpp, line 805]
Event: 0.738 Thread 0x0000016dc5887fd0 Exception <a 'java/lang/NoSuchMethodError'{0x0000000717f96668}: 'double java.lang.invoke.DelegatingMethodHandle$Holder.reinvoke_L(java.lang.Object, java.lang.Object)'> (0x0000000717f96668) 
thrown [s\open\src\hotspot\share\interpreter\linkResolver.cpp, line 805]
Event: 0.945 Thread 0x0000016dc5887fd0 Exception <a 'java/lang/NoSuchMethodError'{0x0000000717fbe388}: 'long java.lang.invoke.DirectMethodHandle$Holder.invokeVirtual(java.lang.Object, java.lang.Object)'> (0x0000000717fbe388) 
thrown [s\open\src\hotspot\share\interpreter\linkResolver.cpp, line 805]
Event: 0.945 Thread 0x0000016dc5887fd0 Exception <a 'java/lang/NoSuchMethodError'{0x0000000717fc6678}: 'java.lang.Object java.lang.invoke.DirectMethodHandle$Holder.invokeStatic(java.lang.Object, long)'> (0x0000000717fc6678) 
thrown [s\open\src\hotspot\share\interpreter\linkResolver.cpp, line 805]
Event: 0.946 Thread 0x0000016dc5887fd0 Exception <a 'java/lang/NoSuchMethodError'{0x0000000717fd6720}: 'long java.lang.invoke.DelegatingMethodHandle$Holder.reinvoke_L(java.lang.Object, java.lang.Object)'> (0x0000000717fd6720) 
thrown [s\open\src\hotspot\share\interpreter\linkResolver.cpp, line 805]
Event: 3.668 Thread 0x0000016df114d8b0 Implicit null exception at 0x0000016de1e630b9 to 0x0000016de1e63a94
Event: 3.681 Thread 0x0000016df114d8b0 Exception <a 'java/lang/NoSuchMethodError'{0x0000000717d87358}: 'void java.lang.invoke.DirectMethodHandle$Holder.invokeStaticInit(java.lang.Object)'> (0x0000000717d87358) 
thrown [s\open\src\hotspot\share\interpreter\linkResolver.cpp, line 805]
Event: 3.689 Thread 0x0000016df114d8b0 Exception <a 'java/lang/NoSuchMethodError'{0x0000000717de8af0}: 'java.lang.Object java.lang.invoke.DirectMethodHandle$Holder.newInvokeSpecial(java.lang.Object, java.lang.Object, java.lang.Object, java.lang.Object, java.lang.Object)'> (0x0000000717de8af0) 
thrown [s\open\src\hotspot\share\interpreter\linkResolver.cpp, line 805]
Event: 3.715 Thread 0x0000016df114d8b0 Exception <a 'java/lang/NoSuchMethodError'{0x0000000717b80268}: 'int java.lang.invoke.DirectMethodHandle$Holder.invokeStatic(java.lang.Object, java.lang.Object, java.lang.Object, java.lang.Object)'> (0x0000000717b80268) 
thrown [s\open\src\hotspot\share\interpreter\linkResolver.cpp, line 805]
Event: 3.776 Thread 0x0000016df114d8b0 Exception <a 'java/lang/NoSuchMethodError'{0x0000000717797e98}: 'void java.lang.invoke.DirectMethodHandle$Holder.invokeSpecial(java.lang.Object, java.lang.Object, int)'> (0x0000000717797e98) 
thrown [s\open\src\hotspot\share\interpreter\linkResolver.cpp, line 805]
Event: 3.777 Thread 0x0000016df114d8b0 Exception <a 'java/lang/NoSuchMethodError'{0x000000071779fab8}: 'void java.lang.invoke.Invokers$Holder.invokeExact_MT(java.lang.Object, int, java.lang.Object)'> (0x000000071779fab8) 
thrown [s\open\src\hotspot\share\interpreter\linkResolver.cpp, line 805]
Event: 3.779 Thread 0x0000016df114d8b0 Exception <a 'java/lang/NoSuchMethodError'{0x00000007177ba318}: 'void java.lang.invoke.DirectMethodHandle$Holder.invokeStatic(java.lang.Object, java.lang.Object, int)'> (0x00000007177ba318) 
thrown [s\open\src\hotspot\share\interpreter\linkResolver.cpp, line 805]
Event: 3.779 Thread 0x0000016df114d8b0 Exception <a 'java/lang/NoSuchMethodError'{0x00000007177c9220}: 'java.lang.Object java.lang.invoke.DirectMethodHandle$Holder.newInvokeSpecial(java.lang.Object, java.lang.Object, int)'> (0x00000007177c9220) 
thrown [s\open\src\hotspot\share\interpreter\linkResolver.cpp, line 805]
Event: 3.783 Thread 0x0000016df114d8b0 Exception <a 'sun/nio/fs/WindowsException'{0x0000000717410bd0}> (0x0000000717410bd0) 
thrown [s\open\src\hotspot\share\prims\jni.cpp, line 518]
Event: 3.784 Thread 0x0000016df114d8b0 Exception <a 'sun/nio/fs/WindowsException'{0x000000071741d9f0}> (0x000000071741d9f0) 
thrown [s\open\src\hotspot\share\prims\jni.cpp, line 518]
Event: 3.787 Thread 0x0000016df114d8b0 Exception <a 'sun/nio/fs/WindowsException'{0x000000071742f810}> (0x000000071742f810) 
thrown [s\open\src\hotspot\share\prims\jni.cpp, line 518]

VM Operations (12 events):
Event: 0.051 Executing VM operation: HandshakeAllThreads (Deoptimize)
Event: 0.051 Executing VM operation: HandshakeAllThreads (Deoptimize) done
Event: 0.564 Executing VM operation: HandshakeAllThreads (Deoptimize)
Event: 0.564 Executing VM operation: HandshakeAllThreads (Deoptimize) done
Event: 0.611 Executing VM operation: HandshakeAllThreads (Deoptimize)
Event: 0.611 Executing VM operation: HandshakeAllThreads (Deoptimize) done
Event: 0.696 Executing VM operation: HandshakeAllThreads (Deoptimize)
Event: 0.696 Executing VM operation: HandshakeAllThreads (Deoptimize) done
Event: 3.780 Executing VM operation: HandshakeAllThreads (Deoptimize)
Event: 3.780 Executing VM operation: HandshakeAllThreads (Deoptimize) done
Event: 3.801 Executing VM operation: JFRSafepointClear
Event: 3.801 Executing VM operation: JFRSafepointClear done

Memory protections (0 events):
No events

Nmethod flushes (0 events):
No events

Events (20 events):
Event: 0.516 Thread 0x0000016df1164540 Thread added: 0x0000016dc58b7030
Event: 0.619 Thread 0x0000016df114d8b0 Thread added: 0x0000016df1150490
Event: 0.658 Thread 0x0000016df1150490 Thread added: 0x0000016dc5887fd0
Event: 0.682 Thread 0x0000016dc5887fd0 Thread added: 0x0000016dc588b300
Event: 0.693 Thread 0x0000016dc5887fd0 Thread added: 0x0000016dc588abb0
Event: 0.708 Thread 0x0000016dc58b7030 Thread exited: 0x0000016dc58b7030
Event: 0.942 Thread 0x0000016dc58b6110 Thread exited: 0x0000016dc58b6110
Event: 0.942 Thread 0x0000016dc58b68a0 Thread exited: 0x0000016dc58b68a0
Event: 0.942 Thread 0x0000016df1164540 Thread exited: 0x0000016df1164540
Event: 0.946 Thread 0x0000016df11672a0 Thread exited: 0x0000016df11672a0
Event: 2.005 Thread 0x0000016df1163db0 Thread exited: 0x0000016df1163db0
Event: 3.009 Thread 0x0000016df1165bf0 Thread exited: 0x0000016df1165bf0
Event: 3.651 Thread 0x0000016df1165460 Thread exited: 0x0000016df1165460
Event: 3.652 Thread 0x0000016df1166b10 Thread added: 0x0000016df11672a0
Event: 3.677 Thread 0x0000016df114d8b0 Thread added: 0x0000016dc5888e70
Event: 3.685 Thread 0x0000016df115ddc0 Thread added: 0x0000016df1165460
Event: 3.697 Thread 0x0000016df1166b10 Thread added: 0x0000016df1163db0
Event: 3.723 Thread 0x0000016df1166b10 Thread added: 0x0000016df1165bf0
Event: 3.723 Thread 0x0000016df1163db0 Thread added: 0x0000016df1164540
Event: 3.779 Thread 0x0000016df114d8b0 Thread added: 0x0000016dc588c1a0


Dynamic libraries:
0x00007ff657940000 - 0x00007ff65794e000 	C:\Users\Adrian\.jdks\openjdk-24\bin\java.exe
0x00007ffebaaf0000 - 0x00007ffebad07000 	C:\WINDOWS\SYSTEM32\ntdll.dll
0x00007ffeb8950000 - 0x00007ffeb8a14000 	C:\WINDOWS\System32\KERNEL32.DLL
0x00007ffeb8240000 - 0x00007ffeb8613000 	C:\WINDOWS\System32\KERNELBASE.dll
0x00007ffeb7f00000 - 0x00007ffeb8011000 	C:\WINDOWS\System32\ucrtbase.dll
0x00007ffeb2f70000 - 0x00007ffeb2f8b000 	C:\Users\Adrian\.jdks\openjdk-24\bin\VCRUNTIME140.dll
0x00007ffeb2fe0000 - 0x00007ffeb2ff6000 	C:\Users\Adrian\.jdks\openjdk-24\bin\jli.dll
0x00007ffeb8b00000 - 0x00007ffeb8cb1000 	C:\WINDOWS\System32\USER32.dll
0x00007ffeb8210000 - 0x00007ffeb8236000 	C:\WINDOWS\System32\win32u.dll
0x00007ffeacc40000 - 0x00007ffeaced8000 	C:\WINDOWS\WinSxS\amd64_microsoft.windows.common-controls_6595b64144ccf1df_6.0.22621.5124_none_270e8f4f7386d69d\COMCTL32.dll
0x00007ffeb8a20000 - 0x00007ffeb8a49000 	C:\WINDOWS\System32\GDI32.dll
0x00007ffeb8a50000 - 0x00007ffeb8af7000 	C:\WINDOWS\System32\msvcrt.dll
0x00007ffeb7de0000 - 0x00007ffeb7efb000 	C:\WINDOWS\System32\gdi32full.dll
0x00007ffeb7c00000 - 0x00007ffeb7c9a000 	C:\WINDOWS\System32\msvcp_win.dll
0x00007ffeba580000 - 0x00007ffeba5b1000 	C:\WINDOWS\System32\IMM32.DLL
0x00007ffeb2fd0000 - 0x00007ffeb2fdc000 	C:\Users\Adrian\.jdks\openjdk-24\bin\vcruntime140_1.dll
0x00007ffea0540000 - 0x00007ffea05ce000 	C:\Users\Adrian\.jdks\openjdk-24\bin\msvcp140.dll
0x00007ffe79160000 - 0x00007ffe79f02000 	C:\Users\Adrian\.jdks\openjdk-24\bin\server\jvm.dll
0x00007ffeba9f0000 - 0x00007ffebaaa1000 	C:\WINDOWS\System32\ADVAPI32.dll
0x00007ffeba940000 - 0x00007ffeba9e8000 	C:\WINDOWS\System32\sechost.dll
0x00007ffeb86a0000 - 0x00007ffeb86c8000 	C:\WINDOWS\System32\bcrypt.dll
0x00007ffeb9ed0000 - 0x00007ffeb9fe4000 	C:\WINDOWS\System32\RPCRT4.dll
0x00007ffeb9400000 - 0x00007ffeb9471000 	C:\WINDOWS\System32\WS2_32.dll
0x00007ffeb6a40000 - 0x00007ffeb6a8d000 	C:\WINDOWS\SYSTEM32\POWRPROF.dll
0x00007ffeaf600000 - 0x00007ffeaf60a000 	C:\WINDOWS\SYSTEM32\VERSION.dll
0x00007ffeaf5c0000 - 0x00007ffeaf5f4000 	C:\WINDOWS\SYSTEM32\WINMM.dll
0x00007ffeb6a20000 - 0x00007ffeb6a33000 	C:\WINDOWS\SYSTEM32\UMPDC.dll
0x00007ffeb6cf0000 - 0x00007ffeb6d08000 	C:\WINDOWS\SYSTEM32\kernel.appcore.dll
0x00007ffea5e00000 - 0x00007ffea5e0a000 	C:\Users\Adrian\.jdks\openjdk-24\bin\jimage.dll
0x00007ffead890000 - 0x00007ffeadac2000 	C:\WINDOWS\SYSTEM32\DBGHELP.DLL
0x00007ffeba0d0000 - 0x00007ffeba462000 	C:\WINDOWS\System32\combase.dll
0x00007ffeb9ff0000 - 0x00007ffeba0c7000 	C:\WINDOWS\System32\OLEAUT32.dll
0x00007ffead720000 - 0x00007ffead752000 	C:\WINDOWS\SYSTEM32\dbgcore.DLL
0x00007ffeb8620000 - 0x00007ffeb869b000 	C:\WINDOWS\System32\bcryptPrimitives.dll
0x00007ffea4d60000 - 0x00007ffea4d6f000 	C:\Users\Adrian\.jdks\openjdk-24\bin\instrument.dll
0x00007ffea31a0000 - 0x00007ffea31be000 	C:\Users\Adrian\.jdks\openjdk-24\bin\java.dll
0x00007ffeb8790000 - 0x00007ffeb8931000 	C:\WINDOWS\System32\ole32.dll
0x00007ffeb9510000 - 0x00007ffeb9da6000 	C:\WINDOWS\System32\SHELL32.dll
0x00007ffeb7ca0000 - 0x00007ffeb7ddf000 	C:\WINDOWS\System32\wintypes.dll
0x00007ffeb5ae0000 - 0x00007ffeb63fa000 	C:\WINDOWS\SYSTEM32\windows.storage.dll
0x00007ffeba470000 - 0x00007ffeba57a000 	C:\WINDOWS\System32\SHCORE.dll
0x00007ffeba8d0000 - 0x00007ffeba933000 	C:\WINDOWS\System32\shlwapi.dll
0x00007ffeb7b30000 - 0x00007ffeb7b5b000 	C:\WINDOWS\SYSTEM32\profapi.dll
0x00007ffe9f4e0000 - 0x00007ffe9f5b7000 	C:\Users\Adrian\.jdks\openjdk-24\bin\jsvml.dll
0x00007ffea2e50000 - 0x00007ffea2e67000 	C:\Users\Adrian\.jdks\openjdk-24\bin\zip.dll
0x00007ffea3180000 - 0x00007ffea3190000 	C:\Users\Adrian\.jdks\openjdk-24\bin\net.dll
0x00007ffeb7180000 - 0x00007ffeb71ea000 	C:\WINDOWS\system32\mswsock.dll
0x00007ffea3160000 - 0x00007ffea3176000 	C:\Users\Adrian\.jdks\openjdk-24\bin\nio.dll
0x00007ffea3150000 - 0x00007ffea3159000 	C:\Users\Adrian\.jdks\openjdk-24\bin\extnet.dll
0x00007ffeb6700000 - 0x00007ffeb6802000 	C:\WINDOWS\SYSTEM32\DNSAPI.dll
0x00007ffeb66d0000 - 0x00007ffeb66fd000 	C:\WINDOWS\SYSTEM32\IPHLPAPI.DLL
0x00007ffeb9db0000 - 0x00007ffeb9db9000 	C:\WINDOWS\System32\NSI.dll
0x00007ffeaf980000 - 0x00007ffeaf98a000 	C:\Windows\System32\rasadhlp.dll
0x00007ffeaf990000 - 0x00007ffeafa13000 	C:\WINDOWS\System32\fwpuclnt.dll
0x00007ffea2e40000 - 0x00007ffea2e4a000 	C:\Users\Adrian\.jdks\openjdk-24\bin\management.dll
0x00007ffea2e30000 - 0x00007ffea2e3b000 	C:\Users\Adrian\.jdks\openjdk-24\bin\management_ext.dll
0x00007ffeb8940000 - 0x00007ffeb8948000 	C:\WINDOWS\System32\PSAPI.DLL
0x00007ffeb7400000 - 0x00007ffeb741b000 	C:\WINDOWS\SYSTEM32\CRYPTSP.dll
0x00007ffeb6c50000 - 0x00007ffeb6c87000 	C:\WINDOWS\system32\rsaenh.dll
0x00007ffeb7290000 - 0x00007ffeb72b8000 	C:\WINDOWS\SYSTEM32\USERENV.dll
0x00007ffeb73f0000 - 0x00007ffeb73fc000 	C:\WINDOWS\SYSTEM32\CRYPTBASE.dll
0x00007ffe45020000 - 0x00007ffe45037000 	C:\WINDOWS\system32\napinsp.dll
0x00007ffe45040000 - 0x00007ffe4505b000 	C:\WINDOWS\system32\pnrpnsp.dll
0x00007ffe45190000 - 0x00007ffe451a1000 	C:\WINDOWS\System32\winrnr.dll
0x00007ffe84120000 - 0x00007ffe84135000 	C:\WINDOWS\system32\wshbth.dll
0x00007ffe6a4b0000 - 0x00007ffe6a4d7000 	C:\WINDOWS\system32\nlansp_c.dll
0x00007ffe82520000 - 0x00007ffe82718000 	C:\Users\Adrian\AppData\Local\Temp\idea_libasyncProfiler_dll_temp_folder\libasyncProfiler.dll

dbghelp: loaded successfully - version: 4.0.5 - missing functions: none
symbol engine: initialized successfully - sym options: 0x614 - pdb path: .;C:\Users\Adrian\.jdks\openjdk-24\bin;C:\WINDOWS\SYSTEM32;C:\WINDOWS\WinSxS\amd64_microsoft.windows.common-controls_6595b64144ccf1df_6.0.22621.5124_none_270e8f4f7386d69d;C:\Users\Adrian\.jdks\openjdk-24\bin\server;C:\Users\Adrian\AppData\Local\Temp\idea_libasyncProfiler_dll_temp_folder

VM Arguments:
jvm_args: -javaagent:C:\Program Files\JetBrains\IntelliJ IDEA 2025.1.1.1\lib\idea_rt.jar=49774 -Dfile.encoding=UTF-8 -Dsun.stdout.encoding=UTF-8 -Dsun.stderr.encoding=UTF-8 
java_command: MainBooks
java_class_path (initial): C:\Users\Adrian\IdeaProjects\Demo\out\production\Demo
Launcher Type: SUN_STANDARD

[Global flags]
     intx CICompilerCount                          = 12                                        {product} {ergonomic}
     uint ConcGCThreads                            = 3                                         {product} {ergonomic}
     bool FlightRecorder                           = true                                      {product} {management}
     uint G1ConcRefinementThreads                  = 13                                        {product} {ergonomic}
   size_t G1HeapRegionSize                         = 2097152                                   {product} {ergonomic}
   size_t InitialHeapSize                          = 260046848                                 {product} {ergonomic}
   size_t MarkStackSize                            = 4194304                                   {product} {ergonomic}
   size_t MarkStackSizeMax                         = 536870912                                 {product} {ergonomic}
   size_t MaxHeapSize                              = 4131389440                                {product} {ergonomic}
   size_t MaxNewSize                               = 2478833664                                {product} {ergonomic}
   size_t MinHeapDeltaBytes                        = 2097152                                   {product} {ergonomic}
   size_t MinHeapSize                              = 8388608                                   {product} {ergonomic}
    uintx NonNMethodCodeHeapSize                   = 7602176                                {pd product} {ergonomic}
    uintx NonProfiledCodeHeapSize                  = 122093568                              {pd product} {ergonomic}
    uintx ProfiledCodeHeapSize                     = 121962496                              {pd product} {ergonomic}
    uintx ReservedCodeCacheSize                    = 251658240                              {pd product} {ergonomic}
     bool SegmentedCodeCache                       = true                                      {product} {ergonomic}
   size_t SoftMaxHeapSize                          = 4131389440                             {manageable} {ergonomic}
     bool UseCompressedOops                        = true                           {product lp64_product} {ergonomic}
     bool UseG1GC                                  = true                                      {product} {ergonomic}
     bool UseLargePagesIndividualAllocation        = false                                  {pd product} {ergonomic}

Logging:
Log output configuration:
 #0: stdout all=warning uptime,level,tags foldmultilines=false
 #1: stderr all=off uptime,level,tags foldmultilines=false

Environment Variables:
PATH=C:\Program Files\Common Files\Oracle\Java\javapath;C:\Program Files\Microsoft\jdk-11.0.16.101-hotspot\bin;C:\Program Files (x86)\VMware\VMware Player\bin\;C:\WINDOWS\system32;C:\WINDOWS;C:\WINDOWS\System32\Wbem;C:\WINDOWS\System32\WindowsPowerShell\v1.0\;C:\WINDOWS\System32\OpenSSH\;C:\Program Files (x86)\Common Files\DivX Shared\DesktopService;C:\Program Files (x86)\dotnet\;C:\Program Files\Microsoft SQL Server\150\Tools\Binn\;C:\Program Files (x86)\Windows Kits\10\Windows Performance Toolkit\;C:\Program Files\PuTTY\;C:\mingw64\bin;C:\MinGW\bin;C:\ProgramData\chocolatey\bin;C:\Program Files\Git\cmd;C:\Users\Adrian\AppData\Local\Microsoft\WindowsApps;C:\Users\Adrian\AppData\Local\Programs\Microsoft VS Code\bin;C:\Program Files (x86)\Brackets\;C:\Users\Adrian\AppData\Local\GitHubDesktop\bin;C:\raylib\w64devkit\bin;
USERNAME=Adrian
OS=Windows_NT
PROCESSOR_IDENTIFIER=AMD64 Family 25 Model 80 Stepping 0, AuthenticAMD
TMP=C:\Users\Adrian\AppData\Local\Temp
TEMP=C:\Users\Adrian\AppData\Local\Temp




Periodic native trim disabled

---------------  S Y S T E M  ---------------

OS:
 Windows 11 , 64 bit Build 22621 (10.0.22621.5124)
OS uptime: 0 days 3:41 hours
Hyper-V role detected

CPU: total 16 (initial active 16) (16 cores per cpu, 2 threads per core) family 25 model 80 stepping 0 microcode 0x0, cx8, cmov, fxsr, ht, mmx, 3dnowpref, sse, sse2, sse3, ssse3, sse4a, sse4.1, sse4.2, popcnt, lzcnt, tsc, tscinvbit, avx, avx2, aes, erms, clmul, bmi1, bmi2, adx, sha, fma, vzeroupper, clflush, clflushopt, hv, rdtscp, rdpid, fsrm, f16c, cet_ss
Processor Information for processor 0
  Max Mhz: 3201, Current Mhz: 2555, Mhz Limit: 3201
Processor Information for processor 1
  Max Mhz: 3201, Current Mhz: 2555, Mhz Limit: 3201
Processor Information for processor 2
  Max Mhz: 3201, Current Mhz: 2555, Mhz Limit: 3201
Processor Information for processor 3
  Max Mhz: 3201, Current Mhz: 3201, Mhz Limit: 3201
Processor Information for processor 4
  Max Mhz: 3201, Current Mhz: 2555, Mhz Limit: 3201
Processor Information for processor 5
  Max Mhz: 3201, Current Mhz: 3201, Mhz Limit: 3201
Processor Information for processor 6
  Max Mhz: 3201, Current Mhz: 2555, Mhz Limit: 3201
Processor Information for processor 7
  Max Mhz: 3201, Current Mhz: 2555, Mhz Limit: 3201
Processor Information for processor 8
  Max Mhz: 3201, Current Mhz: 3201, Mhz Limit: 3201
Processor Information for processor 9
  Max Mhz: 3201, Current Mhz: 2555, Mhz Limit: 3201
Processor Information for processor 10
  Max Mhz: 3201, Current Mhz: 2555, Mhz Limit: 3201
Processor Information for processor 11
  Max Mhz: 3201, Current Mhz: 2555, Mhz Limit: 3201
Processor Information for processor 12
  Max Mhz: 3201, Current Mhz: 2555, Mhz Limit: 3201
Processor Information for processor 13
  Max Mhz: 3201, Current Mhz: 3201, Mhz Limit: 3201
Processor Information for processor 14
  Max Mhz: 3201, Current Mhz: 3201, Mhz Limit: 3201
Processor Information for processor 15
  Max Mhz: 3201, Current Mhz: 3201, Mhz Limit: 3201

Memory: 4k page, system-wide physical 15754M (4052M free)
TotalPageFile size 26506M (AvailPageFile size 11787M)
current process WorkingSet (physical memory assigned to process): 118M, peak: 118M
current process commit charge ("private bytes"): 420M, peak: 420M

vm_info: OpenJDK 64-Bit Server VM (24+36-3646) for windows-amd64 JRE (24+36-3646), built on 2025-02-06T00:20:43Z with MS VC++ 17.6 (VS2022)

END.
